	Exporter version: 4.6.1, Blender version: 2.77 (sub 0)
========= Conversion from Blender to Babylon.js =========
	Scene settings used:
		selected layers only:  false
		flat shading entire scene:  false
		inline textures:  false
		texture directory:  /Users/mitchel/Sites/3DframesDemo/models/
	Python World class constructor completed
	processing begun of mesh:  RayBanz - HazzBBerry
		processing begun of Standard material:  Rounding_2_FULLSELECTION_128368592
		processing begun of Standard material:  Black.001
		processing begun of Standard material:  Mat.001
		processing begun of Standard material:  Rounding_1_FULLSELECTION_1093305184
		processing begun of Standard material:  Cap_1_FULLSELECTION_1345117472
		processing begun of Standard material:  Extrude_NURBS-Extrude_NURBS_FULLSELECTION_1659970672
		processing begun of Standard material:  Cap_2_FULLSELECTION_1291173504
		processing begun of Standard material:  Extrude_NURBS_FULLSELECTION_1093317376
		processing begun of multimaterial:  untitled.Multimaterial#0
		WARNING: Due to multi-materials / Shapekeys & this meshes size, 32bit indices must be used.  This may not run on all hardware.
		num positions      :  136377
		num normals        :  136377
		num uvs            :  272754
		num uvs2           :  0
		num colors         :  0
		num indices        :  461505
	processing begun of camera (FreeCamera):  Camera
	processing begun of light (POINT):  Lamp
========= Writing of scene file started =========
========= Writing of scene file completed =========
========= end of processing =========
elapsed time:  0 min, 7.5993 secs
